<?xml version="1.0" encoding="UTF-8"?>
<!-- Generated by org.testng.reporters.JUnitXMLReporter -->
<testsuite hostname="IT-PC" ignored="0" name="Default test" tests="5" failures="0" timestamp="27 May 2019 12:12:03 GMT" time="1.249" errors="0">
  <testcase name="@BeforeClass setUp" time="0.0" classname="com.pavanoi.pageobjects.BaseClass">
    <failure type="org.testng.TestNGException" message="
Parameter &amp;apos;browser&amp;apos; is required by BeforeClass on method setUp but has not been marked @Optional or defined
in C:\Users\IT\AppData\Local\Temp\testng-eclipse--2106771568\testng-customsuite.xml">
      <![CDATA[org.testng.TestNGException: 
Parameter 'browser' is required by BeforeClass on method setUp but has not been marked @Optional or defined
in C:\Users\IT\AppData\Local\Temp\testng-eclipse--2106771568\testng-customsuite.xml
at org.testng.internal.Parameters.createParams(Parameters.java:290)
at org.testng.internal.Parameters.createParametersForMethod(Parameters.java:359)
at org.testng.internal.Parameters.createParameters(Parameters.java:620)
at org.testng.internal.Parameters.createConfigurationParameters(Parameters.java:190)
at org.testng.internal.Invoker.invokeConfigurations(Invoker.java:209)
at org.testng.internal.Invoker.invokeConfigurations(Invoker.java:142)
at org.testng.internal.TestMethodWorker.invokeBeforeClassMethods(TestMethodWorker.java:168)
at org.testng.internal.TestMethodWorker.run(TestMethodWorker.java:105)
at org.testng.TestRunner.privateRun(TestRunner.java:648)
at org.testng.TestRunner.run(TestRunner.java:505)
at org.testng.SuiteRunner.runTest(SuiteRunner.java:455)
at org.testng.SuiteRunner.runSequentially(SuiteRunner.java:450)
at org.testng.SuiteRunner.privateRun(SuiteRunner.java:415)
at org.testng.SuiteRunner.run(SuiteRunner.java:364)
at org.testng.SuiteRunnerWorker.runSuite(SuiteRunnerWorker.java:52)
at org.testng.SuiteRunnerWorker.run(SuiteRunnerWorker.java:84)
at org.testng.TestNG.runSuitesSequentially(TestNG.java:1208)
at org.testng.TestNG.runSuitesLocally(TestNG.java:1137)
at org.testng.TestNG.runSuites(TestNG.java:1049)
at org.testng.TestNG.run(TestNG.java:1017)
at org.testng.remote.AbstractRemoteTestNG.run(AbstractRemoteTestNG.java:114)
at org.testng.remote.RemoteTestNG.initAndRun(RemoteTestNG.java:251)
at org.testng.remote.RemoteTestNG.main(RemoteTestNG.java:77)
]]>
    </failure>
  </testcase> <!-- @BeforeClass setUp -->
  <testcase name="@AfterClass tearDown" time="0.0" classname="com.pavanoi.pageobjects.BaseClass">
    <skipped/>
  </testcase> <!-- @AfterClass tearDown -->
  <testcase name="loginDDTTest" time="0.0" classname="com.pavanoi.testcases.TC_Login_DDT_002">
    <skipped/>
  </testcase> <!-- loginDDTTest -->
  <testcase name="loginDDTTest" time="0.0" classname="com.pavanoi.testcases.TC_Login_DDT_002">
    <skipped/>
  </testcase> <!-- loginDDTTest -->
  <testcase name="loginDDTTest" time="0.0" classname="com.pavanoi.testcases.TC_Login_DDT_002">
    <skipped/>
  </testcase> <!-- loginDDTTest -->
  <testcase name="loginDDTTest" time="0.0" classname="com.pavanoi.testcases.TC_Login_DDT_002">
    <skipped/>
  </testcase> <!-- loginDDTTest -->
  <testcase name="loginDDTTest" time="0.0" classname="com.pavanoi.testcases.TC_Login_DDT_002">
    <skipped/>
  </testcase> <!-- loginDDTTest -->
</testsuite> <!-- Default test -->
